<?xml version="1.0" encoding="UTF-8"?>
<!-- Generated by org.testng.reporters.JUnitReportReporter -->
<testsuite hostname="MAVBCP3126" failures="0" tests="2" name="com.picnic.SampleSeleniumScript" time="171.881" errors="0" timestamp="2021-09-14T12:48:37 IST" skipped="0">
  <testcase classname="com.picnic.SampleSeleniumScript" name="TestMethod2" time="8.382"/>
  <system-out/>
  <testcase classname="com.picnic.SampleSeleniumScript" name="TestMethod" time="163.499"/>
  <system-out/>
</testsuite> <!-- com.picnic.SampleSeleniumScript -->
