<?xml version="1.0" encoding="UTF-8"?>
<!-- Generated by org.testng.reporters.JUnitReportReporter -->
<testsuite hostname="MAVBCP3126" failures="0" tests="1" name="com.picnic.RecorderScript" time="22.186" errors="0" timestamp="2021-09-16T09:16:00 IST" skipped="0">
  <testcase classname="com.picnic.RecorderScript" name="testParameterWithXML" time="22.186"/>
  <system-out/>
</testsuite> <!-- com.picnic.RecorderScript -->
