<?xml version="1.0" encoding="UTF-8"?>
<!-- Generated by org.testng.reporters.JUnitReportReporter -->
<testsuite hostname="MAVBCP3126" failures="0" tests="1" name="com.picnic.VerifyLogin" time="32.952" errors="0" timestamp="2021-09-15T12:28:46 IST" skipped="0">
  <testcase classname="com.picnic.VerifyLogin" name="verifyValidLogin" time="32.952"/>
  <system-out/>
</testsuite> <!-- com.picnic.VerifyLogin -->
