<?xml version="1.0" encoding="UTF-8"?>
<!-- Generated by org.testng.reporters.JUnitReportReporter -->
<testsuite skipped="0" hostname="MAVBCP3126" name="com.picnic.CrossBrowsersScript" tests="2" failures="0" timestamp="2021-09-17T10:59:57 IST" time="172.254" errors="0">
  <testcase name="testParameterWithXML" time="82.624" classname="com.picnic.CrossBrowsersScript"/>
  <system-out/>
  <testcase name="testParameterWithXML" time="89.630" classname="com.picnic.CrossBrowsersScript"/>
  <system-out/>
</testsuite> <!-- com.picnic.CrossBrowsersScript -->
